#
# There is insufficient memory for the Java Runtime Environment to continue.
# Native memory allocation (mmap) failed to map 54525952 bytes for committing reserved memory.
# Possible reasons:
#   The system is out of physical RAM or swap space
#   The process is running with CompressedOops enabled, and the Java Heap may be blocking the growth of the native heap
# Possible solutions:
#   Reduce memory load on the system
#   Increase physical memory or swap space
#   Check if swap backing store is full
#   Decrease Java heap size (-Xmx/-Xms)
#   Decrease number of Java threads
#   Decrease Java thread stack sizes (-Xss)
#   Set larger code cache with -XX:ReservedCodeCacheSize=
#   JVM is running with Unscaled Compressed Oops mode in which the Java heap is
#     placed in the first 4GB address space. The Java Heap base address is the
#     maximum limit for the native heap growth. Please use -XX:HeapBaseMinAddress
#     to set the Java Heap base and to place the Java Heap above 4GB virtual address.
# This output file may be truncated or incomplete.
#
#  Out of Memory Error (os_linux.cpp:2749), pid=14393, tid=0x00007fdbdb7f7700
#
# JRE version: Java(TM) SE Runtime Environment (8.0_221-b11) (build 1.8.0_221-b11)
# Java VM: Java HotSpot(TM) 64-Bit Server VM (25.221-b11 mixed mode linux-amd64 compressed oops)
# Failed to write core dump. Core dumps have been disabled. To enable core dumping, try "ulimit -c unlimited" before starting Java again
#

---------------  T H R E A D  ---------------

Current thread (0x00007fdbf8147000):  VMThread [stack: 0x00007fdbdb6f8000,0x00007fdbdb7f8000] [id=14399]

Stack: [0x00007fdbdb6f8000,0x00007fdbdb7f8000],  sp=0x00007fdbdb7f63c0,  free space=1016k
Native frames: (J=compiled Java code, j=interpreted, Vv=VM code, C=native code)
V  [libjvm.so+0xad3455]  VMError::report_and_die()+0x2e5
V  [libjvm.so+0x4e0537]  report_vm_out_of_memory(char const*, int, unsigned long, VMErrorType, char const*)+0x67
V  [libjvm.so+0x910320]  os::pd_commit_memory(char*, unsigned long, unsigned long, bool)+0x100
V  [libjvm.so+0x90794f]  os::commit_memory(char*, unsigned long, unsigned long, bool)+0x1f
V  [libjvm.so+0x98c736]  PSVirtualSpace::expand_by(unsigned long)+0x56
V  [libjvm.so+0x98d9c8]  PSYoungGen::resize(unsigned long, unsigned long)+0xd8
V  [libjvm.so+0x98a166]  PSScavenge::invoke_no_policy()+0x1376
V  [libjvm.so+0x982b89]  PSParallelCompact::invoke(bool)+0x49
V  [libjvm.so+0x45cc53]  CollectedHeap::collect_as_vm_thread(GCCause::Cause)+0x153
V  [libjvm.so+0xad44e1]  VM_CollectForMetadataAllocation::doit()+0x161
V  [libjvm.so+0xada1c6]  VM_Operation::evaluate()+0x46
V  [libjvm.so+0xad84fd]  VMThread::evaluate_operation(VM_Operation*) [clone .constprop.44]+0xcd
V  [libjvm.so+0xad8ae3]  VMThread::loop()+0x3a3
V  [libjvm.so+0xad8eb8]  VMThread::run()+0x78
V  [libjvm.so+0x90d952]  java_start(Thread*)+0x102

VM_Operation (0x00007fdbd8bb31e0): CollectForMetadataAllocation, mode: safepoint, requested by thread 0x00007fdb8c003800


---------------  P R O C E S S  ---------------

Java Threads: ( => current thread )
  0x00007fdb9024a000 JavaThread "mysql-cj-abandoned-connection-cleanup" daemon [_thread_blocked, id=14432, stack(0x00007fdbbc3fd000,0x00007fdbbc4fe000)]
  0x00007fdb9023a800 JavaThread "container-0" [_thread_blocked, id=14431, stack(0x00007fdbbc4fe000,0x00007fdbbc5ff000)]
  0x00007fdb8802d800 JavaThread "Catalina-utility-2" [_thread_blocked, id=14430, stack(0x00007fdbd89b9000,0x00007fdbd8aba000)]
  0x00007fdb90239000 JavaThread "Catalina-utility-1" [_thread_blocked, id=14429, stack(0x00007fdbd86b8000,0x00007fdbd87b9000)]
  0x00007fdb8c003800 JavaThread "restartedMain" [_thread_blocked, id=14418, stack(0x00007fdbd8aba000,0x00007fdbd8bbb000)]
  0x00007fdbf8438000 JavaThread "Thread-2" [_thread_blocked, id=14417, stack(0x00007fdbd8dbb000,0x00007fdbd8ebc000)]
  0x00007fdb94024800 JavaThread "RMI Scheduler(0)" daemon [_thread_blocked, id=14414, stack(0x00007fdbd8ebc000,0x00007fdbd8fbd000)]
  0x00007fdba4001800 JavaThread "RMI TCP Connection(1)-127.0.0.1" daemon [_thread_in_native, id=14413, stack(0x00007fdbd8fe3000,0x00007fdbd90e4000)]
  0x00007fdbc0003000 JavaThread "Attach Listener" daemon [_thread_blocked, id=14411, stack(0x00007fdbd90e4000,0x00007fdbd91e5000)]
  0x00007fdbc0001000 JavaThread "Attach Listener" daemon [_thread_blocked, id=14410, stack(0x00007fdbd91e5000,0x00007fdbd92e6000)]
  0x00007fdbf85be800 JavaThread "RMI TCP Accept-0" daemon [_thread_in_native, id=14408, stack(0x00007fdbd93e7000,0x00007fdbd94e8000)]
  0x00007fdbf8537000 JavaThread "Service Thread" daemon [_thread_blocked, id=14407, stack(0x00007fdbd9909000,0x00007fdbd9a0a000)]
  0x00007fdbf8533800 JavaThread "C1 CompilerThread2" daemon [_thread_blocked, id=14406, stack(0x00007fdbd9a0b000,0x00007fdbd9b0b000)]
  0x00007fdbf8531800 JavaThread "C2 CompilerThread1" daemon [_thread_blocked, id=14405, stack(0x00007fdbd9d23000,0x00007fdbd9e23000)]
  0x00007fdbf852f800 JavaThread "C2 CompilerThread0" daemon [_thread_blocked, id=14404, stack(0x00007fdbd9e24000,0x00007fdbd9f24000)]
  0x00007fdbf852d800 JavaThread "Monitor Ctrl-Break" daemon [_thread_in_native, id=14403, stack(0x00007fdbd9f24000,0x00007fdbda025000)]
  0x00007fdbf8187000 JavaThread "Signal Dispatcher" daemon [_thread_blocked, id=14402, stack(0x00007fdbda34f000,0x00007fdbda450000)]
  0x00007fdbf8155800 JavaThread "Finalizer" daemon [_thread_blocked, id=14401, stack(0x00007fdbdb4f5000,0x00007fdbdb5f6000)]
  0x00007fdbf8151000 JavaThread "Reference Handler" daemon [_thread_blocked, id=14400, stack(0x00007fdbdb5f6000,0x00007fdbdb6f7000)]
  0x00007fdbf8012000 JavaThread "main" [_thread_blocked, id=14394, stack(0x00007fdbff5a5000,0x00007fdbff6a5000)]

Other Threads:
=>0x00007fdbf8147000 VMThread [stack: 0x00007fdbdb6f8000,0x00007fdbdb7f8000] [id=14399]
  0x00007fdbf85d4800 WatcherThread [stack: 0x00007fdbd92e7000,0x00007fdbd93e7000] [id=14409]

VM state:at safepoint (normal execution)

VM Mutex/Monitor currently owned by a thread:  ([mutex/lock_event])
[0x00007fdbf800bd70] Threads_lock - owner thread: 0x00007fdbf8147000
[0x00007fdbf8008650] Heap_lock - owner thread: 0x00007fdb8c003800

heap address: 0x00000000c3e00000, size: 962 MB, Compressed Oops mode: 32-bit
Narrow klass base: 0x0000000000000000, Narrow klass shift: 3
Compressed class space size: 1073741824 Address: 0x0000000100000000

Heap:
 PSYoungGen      total 173056K, used 5253K [0x00000000ebf80000, 0x00000000f7e00000, 0x0000000100000000)
  eden space 161792K, 0% used [0x00000000ebf80000,0x00000000ebf80000,0x00000000f5d80000)
  from space 11264K, 46% used [0x00000000f5d80000,0x00000000f62a1738,0x00000000f6880000)
  to   space 10240K, 0% used [0x00000000f6880000,0x00000000f6880000,0x00000000f7280000)
 ParOldGen       total 32768K, used 20007K [0x00000000c3e00000, 0x00000000c5e00000, 0x00000000ebf80000)
  object space 32768K, 61% used [0x00000000c3e00000,0x00000000c5189c50,0x00000000c5e00000)
 Metaspace       used 33700K, capacity 35450K, committed 35496K, reserved 1079296K
  class space    used 4485K, capacity 4848K, committed 4864K, reserved 1048576K

Card table byte_map: [0x00007fdbfe76b000,0x00007fdbfe94d000] byte_map_base: 0x00007fdbfe14c000

Marking Bits: (ParMarkBitMap*) 0x00007fdc007bed80
 Begin Bits: [0x00007fdbfc416000, 0x00007fdbfd31e000)
 End Bits:   [0x00007fdbfd31e000, 0x00007fdbfe226000)

Polling page: 0x00007fdc00c1a000

CodeCache: size=245760Kb used=6982Kb max_used=6982Kb free=238777Kb
 bounds [0x00007fdbe9000000, 0x00007fdbe96e0000, 0x00007fdbf8000000]
 total_blobs=3738 nmethods=3278 adapters=372
 compilation: enabled

Compilation events (10 events):
Event: 18,271 Thread 0x00007fdbf8533800 nmethod 3275 0x00007fdbe96cdd90 code [0x00007fdbe96cdfc0, 0x00007fdbe96cec98]
Event: 18,271 Thread 0x00007fdbf8533800 3276       1       java.math.BigInteger::<init> (77 bytes)
Event: 18,271 Thread 0x00007fdbf8533800 nmethod 3276 0x00007fdbe96cf2d0 code [0x00007fdbe96cf440, 0x00007fdbe96cf6f0]
Event: 18,272 Thread 0x00007fdbf8533800 3277       1       sun.util.calendar.BaseCalendar::getFixedDate (324 bytes)
Event: 18,277 Thread 0x00007fdbf8533800 nmethod 3277 0x00007fdbe96cf790 code [0x00007fdbe96cf960, 0x00007fdbe96d0550]
Event: 18,301 Thread 0x00007fdbf8533800 3278       1       sun.util.calendar.CalendarDate::setLeapYear (6 bytes)
Event: 18,301 Thread 0x00007fdbf8533800 nmethod 3278 0x00007fdbe96d1350 code [0x00007fdbe96d14a0, 0x00007fdbe96d15b0]
Event: 18,301 Thread 0x00007fdbf8533800 3279       1       sun.util.calendar.CalendarDate::setDayOfMonth (20 bytes)
Event: 18,301 Thread 0x00007fdbf8533800 nmethod 3279 0x00007fdbe96d1610 code [0x00007fdbe96d1760, 0x00007fdbe96d1890]
Event: 18,345 Thread 0x00007fdbf8533800 3280       1       java.lang.Integer::parseInt (7 bytes)

GC Heap History (10 events):
Event: 3,381 GC heap after
Heap after GC invocations=7 (full 0):
 PSYoungGen      total 69120K, used 6130K [0x00000000ebf80000, 0x00000000f4a80000, 0x0000000100000000)
  eden space 62976K, 0% used [0x00000000ebf80000,0x00000000ebf80000,0x00000000efd00000)
  from space 6144K, 99% used [0x00000000efd00000,0x00000000f02fcb68,0x00000000f0300000)
  to   space 8192K, 0% used [0x00000000f4280000,0x00000000f4280000,0x00000000f4a80000)
 ParOldGen       total 42496K, used 7712K [0x00000000c3e00000, 0x00000000c6780000, 0x00000000ebf80000)
  object space 42496K, 18% used [0x00000000c3e00000,0x00000000c45883d0,0x00000000c6780000)
 Metaspace       used 20578K, capacity 21240K, committed 21296K, reserved 1067008K
  class space    used 2750K, capacity 2932K, committed 2944K, reserved 1048576K
}
Event: 3,381 GC heap before
{Heap before GC invocations=8 (full 1):
 PSYoungGen      total 69120K, used 6130K [0x00000000ebf80000, 0x00000000f4a80000, 0x0000000100000000)
  eden space 62976K, 0% used [0x00000000ebf80000,0x00000000ebf80000,0x00000000efd00000)
  from space 6144K, 99% used [0x00000000efd00000,0x00000000f02fcb68,0x00000000f0300000)
  to   space 8192K, 0% used [0x00000000f4280000,0x00000000f4280000,0x00000000f4a80000)
 ParOldGen       total 42496K, used 7712K [0x00000000c3e00000, 0x00000000c6780000, 0x00000000ebf80000)
  object space 42496K, 18% used [0x00000000c3e00000,0x00000000c45883d0,0x00000000c6780000)
 Metaspace       used 20578K, capacity 21240K, committed 21296K, reserved 1067008K
  class space    used 2750K, capacity 2932K, committed 2944K, reserved 1048576K
Event: 3,458 GC heap after
Heap after GC invocations=8 (full 1):
 PSYoungGen      total 69120K, used 0K [0x00000000ebf80000, 0x00000000f4a80000, 0x0000000100000000)
  eden space 62976K, 0% used [0x00000000ebf80000,0x00000000ebf80000,0x00000000efd00000)
  from space 6144K, 0% used [0x00000000efd00000,0x00000000efd00000,0x00000000f0300000)
  to   space 8192K, 0% used [0x00000000f4280000,0x00000000f4280000,0x00000000f4a80000)
 ParOldGen       total 32768K, used 10347K [0x00000000c3e00000, 0x00000000c5e00000, 0x00000000ebf80000)
  object space 32768K, 31% used [0x00000000c3e00000,0x00000000c481ae80,0x00000000c5e00000)
 Metaspace       used 20576K, capacity 21234K, committed 21296K, reserved 1067008K
  class space    used 2750K, capacity 2931K, committed 2944K, reserved 1048576K
}
Event: 3,814 GC heap before
{Heap before GC invocations=9 (full 1):
 PSYoungGen      total 69120K, used 62976K [0x00000000ebf80000, 0x00000000f4a80000, 0x0000000100000000)
  eden space 62976K, 100% used [0x00000000ebf80000,0x00000000efd00000,0x00000000efd00000)
  from space 6144K, 0% used [0x00000000efd00000,0x00000000efd00000,0x00000000f0300000)
  to   space 8192K, 0% used [0x00000000f4280000,0x00000000f4280000,0x00000000f4a80000)
 ParOldGen       total 32768K, used 10347K [0x00000000c3e00000, 0x00000000c5e00000, 0x00000000ebf80000)
  object space 32768K, 31% used [0x00000000c3e00000,0x00000000c481ae80,0x00000000c5e00000)
 Metaspace       used 22369K, capacity 23122K, committed 23168K, reserved 1069056K
  class space    used 2970K, capacity 3171K, committed 3200K, reserved 1048576K
Event: 3,822 GC heap after
Heap after GC invocations=9 (full 1):
 PSYoungGen      total 115712K, used 2764K [0x00000000ebf80000, 0x00000000f4580000, 0x0000000100000000)
  eden space 112640K, 0% used [0x00000000ebf80000,0x00000000ebf80000,0x00000000f2d80000)
  from space 3072K, 89% used [0x00000000f4280000,0x00000000f45331d0,0x00000000f4580000)
  to   space 8192K, 0% used [0x00000000f3580000,0x00000000f3580000,0x00000000f3d80000)
 ParOldGen       total 32768K, used 10419K [0x00000000c3e00000, 0x00000000c5e00000, 0x00000000ebf80000)
  object space 32768K, 31% used [0x00000000c3e00000,0x00000000c482ce90,0x00000000c5e00000)
 Metaspace       used 22369K, capacity 23122K, committed 23168K, reserved 1069056K
  class space    used 2970K, capacity 3171K, committed 3200K, reserved 1048576K
}
Event: 5,354 GC heap before
{Heap before GC invocations=10 (full 1):
 PSYoungGen      total 115712K, used 115404K [0x00000000ebf80000, 0x00000000f4580000, 0x0000000100000000)
  eden space 112640K, 100% used [0x00000000ebf80000,0x00000000f2d80000,0x00000000f2d80000)
  from space 3072K, 89% used [0x00000000f4280000,0x00000000f45331d0,0x00000000f4580000)
  to   space 8192K, 0% used [0x00000000f3580000,0x00000000f3580000,0x00000000f3d80000)
 ParOldGen       total 32768K, used 10419K [0x00000000c3e00000, 0x00000000c5e00000, 0x00000000ebf80000)
  object space 32768K, 31% used [0x00000000c3e00000,0x00000000c482ce90,0x00000000c5e00000)
 Metaspace       used 26536K, capacity 27722K, committed 28032K, reserved 1073152K
  class space    used 3606K, capacity 3890K, committed 3968K, reserved 1048576K
Event: 5,375 GC heap after
Heap after GC invocations=10 (full 1):
 PSYoungGen      total 129024K, used 8161K [0x00000000ebf80000, 0x00000000f7280000, 0x0000000100000000)
  eden space 120832K, 0% used [0x00000000ebf80000,0x00000000ebf80000,0x00000000f3580000)
  from space 8192K, 99% used [0x00000000f3580000,0x00000000f3d785e8,0x00000000f3d80000)
  to   space 10240K, 0% used [0x00000000f6880000,0x00000000f6880000,0x00000000f7280000)
 ParOldGen       total 32768K, used 11997K [0x00000000c3e00000, 0x00000000c5e00000, 0x00000000ebf80000)
  object space 32768K, 36% used [0x00000000c3e00000,0x00000000c49b7480,0x00000000c5e00000)
 Metaspace       used 26536K, capacity 27722K, committed 28032K, reserved 1073152K
  class space    used 3606K, capacity 3890K, committed 3968K, reserved 1048576K
}
Event: 7,104 GC heap before
{Heap before GC invocations=11 (full 1):
 PSYoungGen      total 129024K, used 128993K [0x00000000ebf80000, 0x00000000f7280000, 0x0000000100000000)
  eden space 120832K, 100% used [0x00000000ebf80000,0x00000000f3580000,0x00000000f3580000)
  from space 8192K, 99% used [0x00000000f3580000,0x00000000f3d785e8,0x00000000f3d80000)
  to   space 10240K, 0% used [0x00000000f6880000,0x00000000f6880000,0x00000000f7280000)
 ParOldGen       total 32768K, used 11997K [0x00000000c3e00000, 0x00000000c5e00000, 0x00000000ebf80000)
  object space 32768K, 36% used [0x00000000c3e00000,0x00000000c49b7480,0x00000000c5e00000)
 Metaspace       used 30658K, capacity 32406K, committed 32768K, reserved 1077248K
  class space    used 4132K, capacity 4490K, committed 4608K, reserved 1048576K
Event: 7,168 GC heap after
Heap after GC invocations=11 (full 1):
 PSYoungGen      total 172032K, used 9453K [0x00000000ebf80000, 0x00000000f7e00000, 0x0000000100000000)
  eden space 161792K, 0% used [0x00000000ebf80000,0x00000000ebf80000,0x00000000f5d80000)
  from space 10240K, 92% used [0x00000000f6880000,0x00000000f71bb638,0x00000000f7280000)
  to   space 11264K, 0% used [0x00000000f5d80000,0x00000000f5d80000,0x00000000f6880000)
 ParOldGen       total 32768K, used 13246K [0x00000000c3e00000, 0x00000000c5e00000, 0x00000000ebf80000)
  object space 32768K, 40% used [0x00000000c3e00000,0x00000000c4aefba0,0x00000000c5e00000)
 Metaspace       used 30658K, capacity 32406K, committed 32768K, reserved 1077248K
  class space    used 4132K, capacity 4490K, committed 4608K, reserved 1048576K
}
Event: 18,363 GC heap before
{Heap before GC invocations=12 (full 1):
 PSYoungGen      total 172032K, used 47059K [0x00000000ebf80000, 0x00000000f7e00000, 0x0000000100000000)
  eden space 161792K, 23% used [0x00000000ebf80000,0x00000000ee439778,0x00000000f5d80000)
  from space 10240K, 92% used [0x00000000f6880000,0x00000000f71bb638,0x00000000f7280000)
  to   space 11264K, 0% used [0x00000000f5d80000,0x00000000f5d80000,0x00000000f6880000)
 ParOldGen       total 32768K, used 13246K [0x00000000c3e00000, 0x00000000c5e00000, 0x00000000ebf80000)
  object space 32768K, 40% used [0x00000000c3e00000,0x00000000c4aefba0,0x00000000c5e00000)
 Metaspace       used 33700K, capacity 35450K, committed 35496K, reserved 1079296K
  class space    used 4485K, capacity 4848K, committed 4864K, reserved 1048576K

Deoptimization events (0 events):
No events

Classes redefined (0 events):
No events

Internal exceptions (10 events):
Event: 8,209 Thread 0x00007fdb8c003800 Implicit null exception at 0x00007fdbe948a04d to 0x00007fdbe948a291
Event: 8,209 Thread 0x00007fdb8c003800 Exception <a 'java/lang/NullPointerException'> (0x00000000ecd06400) thrown at [/HUDSON/workspace/8-2-build-linux-amd64/jdk8u221/13320/hotspot/src/share/vm/runtime/sharedRuntime.cpp, line 605]
Event: 8,319 Thread 0x00007fdb8c003800 Exception <a 'java/lang/ArrayIndexOutOfBoundsException'> (0x00000000ecebe7b0) thrown at [/HUDSON/workspace/8-2-build-linux-amd64/jdk8u221/13320/hotspot/src/share/vm/runtime/sharedRuntime.cpp, line 605]
Event: 8,349 Thread 0x00007fdb8c003800 Exception <a 'java/lang/ArrayIndexOutOfBoundsException'> (0x00000000ecf853d8) thrown at [/HUDSON/workspace/8-2-build-linux-amd64/jdk8u221/13320/hotspot/src/share/vm/runtime/sharedRuntime.cpp, line 605]
Event: 8,357 Thread 0x00007fdb8c003800 Exception <a 'java/lang/ArrayIndexOutOfBoundsException'> (0x00000000ecfaab30) thrown at [/HUDSON/workspace/8-2-build-linux-amd64/jdk8u221/13320/hotspot/src/share/vm/runtime/sharedRuntime.cpp, line 605]
Event: 8,358 Thread 0x00007fdb8c003800 Exception <a 'java/lang/ArrayIndexOutOfBoundsException'> (0x00000000ecfafd60) thrown at [/HUDSON/workspace/8-2-build-linux-amd64/jdk8u221/13320/hotspot/src/share/vm/runtime/sharedRuntime.cpp, line 605]
Event: 8,372 Thread 0x00007fdb8c003800 Exception <a 'java/lang/ArrayIndexOutOfBoundsException'> (0x00000000ecff41b0) thrown at [/HUDSON/workspace/8-2-build-linux-amd64/jdk8u221/13320/hotspot/src/share/vm/runtime/sharedRuntime.cpp, line 605]
Event: 8,379 Thread 0x00007fdb8c003800 Exception <a 'java/lang/ArrayIndexOutOfBoundsException'> (0x00000000ed05d340) thrown at [/HUDSON/workspace/8-2-build-linux-amd64/jdk8u221/13320/hotspot/src/share/vm/runtime/sharedRuntime.cpp, line 605]
Event: 8,407 Thread 0x00007fdb8c003800 Exception <a 'java/lang/ArrayIndexOutOfBoundsException'> (0x00000000ed110ef8) thrown at [/HUDSON/workspace/8-2-build-linux-amd64/jdk8u221/13320/hotspot/src/share/vm/runtime/sharedRuntime.cpp, line 605]
Event: 8,407 Thread 0x00007fdb8c003800 Exception <a 'java/lang/ArrayIndexOutOfBoundsException'> (0x00000000ed1128c0) thrown at [/HUDSON/workspace/8-2-build-linux-amd64/jdk8u221/13320/hotspot/src/share/vm/runtime/sharedRuntime.cpp, line 605]

Events (10 events):
Event: 18,336 loading class sun/security/ssl/ProtocolVersion done
Event: 18,336 loading class sun/security/ssl/SSLAlgorithmConstraints
Event: 18,343 loading class sun/security/ssl/SSLAlgorithmConstraints done
Event: 18,343 loading class sun/security/ssl/SSLAlgorithmDecomposer
Event: 18,345 loading class sun/security/ssl/SSLAlgorithmDecomposer done
Event: 18,346 loading class sun/security/util/DisabledAlgorithmConstraints$jdkCAConstraint
Event: 18,351 loading class sun/security/util/DisabledAlgorithmConstraints$jdkCAConstraint done
Event: 18,351 loading class sun/security/util/DisabledAlgorithmConstraints$UsageConstraint
Event: 18,351 loading class sun/security/util/DisabledAlgorithmConstraints$UsageConstraint done
Event: 18,358 Executing VM operation: CollectForMetadataAllocation


Dynamic libraries:
00400000-00401000 r-xp 00000000 08:02 11801606                           /usr/lib/jdk-8u221-linux-x64/jdk1.8.0_221/bin/java
00600000-00601000 r--p 00000000 08:02 11801606                           /usr/lib/jdk-8u221-linux-x64/jdk1.8.0_221/bin/java
00601000-00602000 rw-p 00001000 08:02 11801606                           /usr/lib/jdk-8u221-linux-x64/jdk1.8.0_221/bin/java
00a7a000-00a9b000 rw-p 00000000 00:00 0                                  [heap]
c3e00000-c5e00000 rw-p 00000000 00:00 0 
c5e00000-ebf80000 ---p 00000000 00:00 0 
ebf80000-f7e00000 rw-p 00000000 00:00 0 
fb200000-100000000 ---p 00000000 00:00 0 
100000000-1004c0000 rw-p 00000000 00:00 0 
1004c0000-140000000 ---p 00000000 00:00 0 
7fdb7bdc2000-7fdb7bdfa000 r-xp 00000000 08:02 12987636                   /usr/lib/jdk-8u221-linux-x64/jdk1.8.0_221/jre/lib/amd64/libsunec.so
7fdb7bdfa000-7fdb7bff9000 ---p 00038000 08:02 12987636                   /usr/lib/jdk-8u221-linux-x64/jdk1.8.0_221/jre/lib/amd64/libsunec.so
7fdb7bff9000-7fdb7bffe000 r--p 00037000 08:02 12987636                   /usr/lib/jdk-8u221-linux-x64/jdk1.8.0_221/jre/lib/amd64/libsunec.so
7fdb7bffe000-7fdb7c000000 rw-p 0003c000 08:02 12987636                   /usr/lib/jdk-8u221-linux-x64/jdk1.8.0_221/jre/lib/amd64/libsunec.so
7fdb7c000000-7fdb7c021000 rw-p 00000000 00:00 0 
7fdb7c021000-7fdb80000000 ---p 00000000 00:00 0 
7fdb80000000-7fdb80021000 rw-p 00000000 00:00 0 
7fdb80021000-7fdb84000000 ---p 00000000 00:00 0 
7fdb84000000-7fdb843bf000 rw-p 00000000 00:00 0 
7fdb843bf000-7fdb88000000 ---p 00000000 00:00 0 
7fdb88000000-7fdb8802f000 rw-p 00000000 00:00 0 
7fdb8802f000-7fdb8c000000 ---p 00000000 00:00 0 
7fdb8c000000-7fdb8c021000 rw-p 00000000 00:00 0 
7fdb8c021000-7fdb90000000 ---p 00000000 00:00 0 
7fdb90000000-7fdb909b4000 rw-p 00000000 00:00 0 
7fdb909b4000-7fdb94000000 ---p 00000000 00:00 0 
7fdb94000000-7fdb94031000 rw-p 00000000 00:00 0 
7fdb94031000-7fdb98000000 ---p 00000000 00:00 0 
7fdb98000000-7fdb98021000 rw-p 00000000 00:00 0 
7fdb98021000-7fdb9c000000 ---p 00000000 00:00 0 
7fdb9c000000-7fdb9c021000 rw-p 00000000 00:00 0 
7fdb9c021000-7fdba0000000 ---p 00000000 00:00 0 
7fdba0000000-7fdba0024000 rw-p 00000000 00:00 0 
7fdba0024000-7fdba4000000 ---p 00000000 00:00 0 
7fdba4000000-7fdba4021000 rw-p 00000000 00:00 0 
7fdba4021000-7fdba8000000 ---p 00000000 00:00 0 
7fdba8000000-7fdba8021000 rw-p 00000000 00:00 0 
7fdba8021000-7fdbac000000 ---p 00000000 00:00 0 
7fdbac000000-7fdbac5e8000 rw-p 00000000 00:00 0 
7fdbac5e8000-7fdbb0000000 ---p 00000000 00:00 0 
7fdbb0000000-7fdbb0021000 rw-p 00000000 00:00 0 
7fdbb0021000-7fdbb4000000 ---p 00000000 00:00 0 
7fdbb4000000-7fdbb4021000 rw-p 00000000 00:00 0 
7fdbb4021000-7fdbb8000000 ---p 00000000 00:00 0 
7fdbb8000000-7fdbb805e000 rw-p 00000000 00:00 0 
7fdbb805e000-7fdbbc000000 ---p 00000000 00:00 0 
7fdbbc1e3000-7fdbbc1e6000 r--p 00000000 08:02 11410983                   /usr/lib/x86_64-linux-gnu/libgcc_s.so.1
7fdbbc1e6000-7fdbbc1f7000 r-xp 00003000 08:02 11410983                   /usr/lib/x86_64-linux-gnu/libgcc_s.so.1
7fdbbc1f7000-7fdbbc1fb000 r--p 00014000 08:02 11410983                   /usr/lib/x86_64-linux-gnu/libgcc_s.so.1
7fdbbc1fb000-7fdbbc1fc000 r--p 00017000 08:02 11410983                   /usr/lib/x86_64-linux-gnu/libgcc_s.so.1
7fdbbc1fc000-7fdbbc1fd000 rw-p 00018000 08:02 11410983                   /usr/lib/x86_64-linux-gnu/libgcc_s.so.1
7fdbbc1fd000-7fdbbc3e7000 rw-p 00000000 00:00 0 
7fdbbc3e7000-7fdbbc3fd000 ---p 00000000 00:00 0 
7fdbbc3fd000-7fdbbc400000 ---p 00000000 00:00 0 
7fdbbc400000-7fdbbc4fe000 rw-p 00000000 00:00 0 
7fdbbc4fe000-7fdbbc501000 ---p 00000000 00:00 0 
7fdbbc501000-7fdbbc7ff000 rw-p 00000000 00:00 0 
7fdbbc7ff000-7fdbbc9ff000 rw-p 00000000 00:00 0 
7fdbbc9ff000-7fdbbcbff000 rw-p 00000000 00:00 0 
7fdbbcbff000-7fdbbcdff000 rw-p 00000000 00:00 0 
7fdbbcdff000-7fdbbcfff000 rw-p 00000000 00:00 0 
7fdbbcfff000-7fdbc0000000 rw-p 00000000 00:00 0 
7fdbc0000000-7fdbc0021000 rw-p 00000000 00:00 0 
7fdbc0021000-7fdbc4000000 ---p 00000000 00:00 0 
7fdbc4000000-7fdbc4024000 rw-p 00000000 00:00 0 
7fdbc4024000-7fdbc8000000 ---p 00000000 00:00 0 
7fdbc8000000-7fdbc8021000 rw-p 00000000 00:00 0 
7fdbc8021000-7fdbcc000000 ---p 00000000 00:00 0 
7fdbcc000000-7fdbcc021000 rw-p 00000000 00:00 0 
7fdbcc021000-7fdbd0000000 ---p 00000000 00:00 0 
7fdbd0000000-7fdbd02a4000 rw-p 00000000 00:00 0 
7fdbd02a4000-7fdbd4000000 ---p 00000000 00:00 0 
7fdbd4000000-7fdbd4021000 rw-p 00000000 00:00 0 
7fdbd4021000-7fdbd8000000 ---p 00000000 00:00 0 
7fdbd8015000-7fdbd8016000 r--s 0000e000 08:02 12987591                   /usr/lib/jdk-8u221-linux-x64/jdk1.8.0_221/jre/lib/ext/sunec.jar
7fdbd8016000-7fdbd801a000 r--s 0003b000 08:02 12987599                   /usr/lib/jdk-8u221-linux-x64/jdk1.8.0_221/jre/lib/ext/sunpkcs11.jar
7fdbd801a000-7fdbd801f000 r--s 002f9000 08:02 11801664                   /usr/lib/jdk-8u221-linux-x64/jdk1.8.0_221/jre/lib/charsets.jar
7fdbd801f000-7fdbd8022000 r--s 0001a000 08:02 11801755                   /usr/lib/jdk-8u221-linux-x64/jdk1.8.0_221/jre/lib/jce.jar
7fdbd8022000-7fdbd8222000 rw-p 00000000 00:00 0 
7fdbd8222000-7fdbd8422000 rw-p 00000000 00:00 0 
7fdbd8422000-7fdbd8622000 rw-p 00000000 00:00 0 
7fdbd8622000-7fdbd86b8000 r--s 01114000 08:02 12987597                   /usr/lib/jdk-8u221-linux-x64/jdk1.8.0_221/jre/lib/ext/jfxrt.jar
7fdbd86b8000-7fdbd86bb000 ---p 00000000 00:00 0 
7fdbd86bb000-7fdbd89b9000 rw-p 00000000 00:00 0 
7fdbd89b9000-7fdbd89bc000 ---p 00000000 00:00 0 
7fdbd89bc000-7fdbd8aba000 rw-p 00000000 00:00 0 
7fdbd8aba000-7fdbd8abd000 ---p 00000000 00:00 0 
7fdbd8abd000-7fdbd8dbb000 rw-p 00000000 00:00 0 
7fdbd8dbb000-7fdbd8dbe000 ---p 00000000 00:00 0 
7fdbd8dbe000-7fdbd8ebc000 rw-p 00000000 00:00 0 
7fdbd8ebc000-7fdbd8ebf000 ---p 00000000 00:00 0 
7fdbd8ebf000-7fdbd8fbd000 rw-p 00000000 00:00 0 
7fdbd8fbd000-7fdbd8fc7000 r--s 00116000 08:02 12987590                   /usr/lib/jdk-8u221-linux-x64/jdk1.8.0_221/jre/lib/ext/localedata.jar
7fdbd8fc7000-7fdbd8fe3000 r--s 00393000 08:02 12987598                   /usr/lib/jdk-8u221-linux-x64/jdk1.8.0_221/jre/lib/ext/cldrdata.jar
7fdbd8fe3000-7fdbd8fe6000 ---p 00000000 00:00 0 
7fdbd8fe6000-7fdbd90e4000 rw-p 00000000 00:00 0 
7fdbd90e4000-7fdbd90e7000 ---p 00000000 00:00 0 
7fdbd90e7000-7fdbd91e5000 rw-p 00000000 00:00 0 
7fdbd91e5000-7fdbd91e8000 ---p 00000000 00:00 0 
7fdbd91e8000-7fdbd92e6000 rw-p 00000000 00:00 0 
7fdbd92e6000-7fdbd92e7000 ---p 00000000 00:00 0 
7fdbd92e7000-7fdbd93e7000 rw-p 00000000 00:00 0 
7fdbd93e7000-7fdbd93ea000 ---p 00000000 00:00 0 
7fdbd93ea000-7fdbd94e8000 rw-p 00000000 00:00 0 
7fdbd94e8000-7fdbd94ed000 r--s 000a3000 08:02 11801818                   /usr/lib/jdk-8u221-linux-x64/jdk1.8.0_221/jre/lib/jsse.jar
7fdbd94ed000-7fdbd94fe000 r-xp 00000000 08:02 12987690                   /usr/lib/jdk-8u221-linux-x64/jdk1.8.0_221/jre/lib/amd64/libnio.so
7fdbd94fe000-7fdbd96fd000 ---p 00011000 08:02 12987690                   /usr/lib/jdk-8u221-linux-x64/jdk1.8.0_221/jre/lib/amd64/libnio.so
7fdbd96fd000-7fdbd96fe000 r--p 00010000 08:02 12987690                   /usr/lib/jdk-8u221-linux-x64/jdk1.8.0_221/jre/lib/amd64/libnio.so
7fdbd96fe000-7fdbd96ff000 rw-p 00011000 08:02 12987690                   /usr/lib/jdk-8u221-linux-x64/jdk1.8.0_221/jre/lib/amd64/libnio.so
7fdbd96ff000-7fdbd9708000 r-xp 00000000 08:02 12987630                   /usr/lib/jdk-8u221-linux-x64/jdk1.8.0_221/jre/lib/amd64/libmanagement.so
7fdbd9708000-7fdbd9907000 ---p 00009000 08:02 12987630                   /usr/lib/jdk-8u221-linux-x64/jdk1.8.0_221/jre/lib/amd64/libmanagement.so
7fdbd9907000-7fdbd9908000 r--p 00008000 08:02 12987630                   /usr/lib/jdk-8u221-linux-x64/jdk1.8.0_221/jre/lib/amd64/libmanagement.so
7fdbd9908000-7fdbd9909000 rw-p 00009000 08:02 12987630                   /usr/lib/jdk-8u221-linux-x64/jdk1.8.0_221/jre/lib/amd64/libmanagement.so
7fdbd9909000-7fdbd990c000 ---p 00000000 00:00 0 
7fdbd990c000-7fdbd9a0a000 rw-p 00000000 00:00 0 
7fdbd9a0a000-7fdbd9a0b000 ---p 00000000 00:00 0 
7fdbd9a0b000-7fdbd9a0e000 ---p 00000000 00:00 0 
7fdbd9a0e000-7fdbd9b0b000 rw-p 00000000 00:00 0 
7fdbd9b0b000-7fdbd9b21000 r-xp 00000000 08:02 12987629                   /usr/lib/jdk-8u221-linux-x64/jdk1.8.0_221/jre/lib/amd64/libnet.so
7fdbd9b21000-7fdbd9d20000 ---p 00016000 08:02 12987629                   /usr/lib/jdk-8u221-linux-x64/jdk1.8.0_221/jre/lib/amd64/libnet.so
7fdbd9d20000-7fdbd9d21000 r--p 00015000 08:02 12987629                   /usr/lib/jdk-8u221-linux-x64/jdk1.8.0_221/jre/lib/amd64/libnet.so
7fdbd9d21000-7fdbd9d22000 rw-p 00016000 08:02 12987629                   /usr/lib/jdk-8u221-linux-x64/jdk1.8.0_221/jre/lib/amd64/libnet.so
7fdbd9d22000-7fdbd9d23000 ---p 00000000 00:00 0 
7fdbd9d23000-7fdbd9d26000 ---p 00000000 00:00 0 
7fdbd9d26000-7fdbd9e23000 rw-p 00000000 00:00 0 
7fdbd9e23000-7fdbd9e24000 ---p 00000000 00:00 0 
7fdbd9e24000-7fdbd9e27000 ---p 00000000 00:00 0 
7fdbd9e27000-7fdbd9f24000 rw-p 00000000 00:00 0 
7fdbd9f24000-7fdbd9f27000 ---p 00000000 00:00 0 
7fdbd9f27000-7fdbda025000 rw-p 00000000 00:00 0 
7fdbda025000-7fdbda027000 r--s 0001b000 07:08 597                        /snap/intellij-idea-ultimate/173/lib/idea_rt.jar
7fdbda027000-7fdbda02d000 r--s 0003c000 08:02 11934559                   /home/huyen/.gradle/caches/modules-2/files-2.1/org.apache.logging.log4j/log4j-api/2.11.2/f5e9a2ffca496057d6891a3de65128efc636e26e/log4j-api-2.11.2.jar
7fdbda02d000-7fdbda038000 r--s 00069000 08:02 11934361                   /home/huyen/.gradle/caches/modules-2/files-2.1/ch.qos.logback/logback-core/1.2.3/864344400c3d4d92dfeb0a305dc87d953677c03c/logback-core-1.2.3.jar
7fdbda038000-7fdbda03c000 r--s 0004c000 08:02 11934558                   /home/huyen/.gradle/caches/modules-2/files-2.1/com.fasterxml.jackson.core/jackson-core/2.9.9/bfff5af9fb8347d26bbb7959cb9b4fe9a2b0ca5e/jackson-core-2.9.9.jar
7fdbda03c000-7fdbda03f000 r--s 0000e000 08:02 11934360                   /home/huyen/.gradle/caches/modules-2/files-2.1/com.fasterxml.jackson.core/jackson-annotations/2.9.0/7c10d545325e3a6e72e06381afe469fd40eb701/jackson-annotations-2.9.0.jar
7fdbda03f000-7fdbda042000 r--s 00028000 08:02 11931833                   /home/huyen/.gradle/caches/modules-2/files-2.1/org.unbescape/unbescape/1.1.6.RELEASE/7b90360afb2b860e09e8347112800d12c12b2a13/unbescape-1.1.6.RELEASE.jar
7fdbda042000-7fdbda047000 r--s 00037000 08:02 11931834                   /home/huyen/.gradle/caches/modules-2/files-2.1/org.attoparser/attoparser/2.0.5.RELEASE/a93ad36df9560de3a5312c1d14f69d938099fa64/attoparser-2.0.5.RELEASE.jar
7fdbda047000-7fdbda04d000 r--s 00047000 08:02 11931838                   /home/huyen/.gradle/caches/modules-2/files-2.1/com.sun.xml.fastinfoset/FastInfoset/1.2.15/bb7b7ec0379982b97c62cd17465cb6d9155f68e8/FastInfoset-1.2.15.jar
7fdbda04d000-7fdbda04e000 r--s 00008000 08:02 11931837                   /home/huyen/.gradle/caches/modules-2/files-2.1/org.jvnet.staxex/stax-ex/1.8/8cc35f73da321c29973191f2cf143d29d26a1df7/stax-ex-1.8.jar
7fdbda04e000-7fdbda050000 r--s 00005000 08:02 11931836                   /home/huyen/.gradle/caches/modules-2/files-2.1/com.sun.istack/istack-commons-runtime/3.0.7/c197c86ceec7318b1284bffb49b54226ca774003/istack-commons-runtime-3.0.7.jar
7fdbda050000-7fdbda053000 r--s 0000f000 08:02 11931835                   /home/huyen/.gradle/caches/modules-2/files-2.1/org.glassfish.jaxb/txw2/2.3.1/a09d2c48d3285f206fafbffe0e50619284e92126/txw2-2.3.1.jar
7fdbda053000-7fdbda058000 r--s 00012000 08:02 11931794                   /home/huyen/.gradle/caches/modules-2/files-2.1/javax.validation/validation-api/2.0.1.Final/cb855558e6271b1b32e716d24cb85c7f583ce09e/validation-api-2.0.1.Final.jar
7fdbda058000-7fdbda05d000 r--s 00039000 08:02 11934557                   /home/huyen/.gradle/caches/modules-2/files-2.1/org.apache.tomcat.embed/tomcat-embed-el/9.0.26/a551f05d3ecf5434eaadd75e0b51519447df124/tomcat-embed-el-9.0.26.jar
7fdbda05d000-7fdbda089000 r--s 0030a000 08:02 11934556                   /home/huyen/.gradle/caches/modules-2/files-2.1/org.apache.tomcat.embed/tomcat-embed-core/9.0.26/6312ba542bc58fa9ee789a43516ce4d862548a6b/tomcat-embed-core-9.0.26.jar
7fdbda089000-7fdbda090000 r--s 00043000 08:02 11934614                   /home/huyen/.gradle/caches/modules-2/files-2.1/org.yaml/snakeyaml/1.23/ec62d74fe50689c28c0ff5b35d3aebcaa8b5be68/snakeyaml-1.23.jar
7fdbda090000-7fdbda095000 r--s 0003c000 08:02 11934555                   /home/huyen/.gradle/caches/modules-2/files-2.1/org.apache.tomcat.embed/tomcat-embed-websocket/9.0.26/8991b1bd82c5745e95a9161472a92dc1e5c7148e/tomcat-embed-websocket-9.0.26.jar
7fdbda095000-7fdbda0a8000 r--s 00137000 08:02 11934554                   /home/huyen/.gradle/caches/modules-2/files-2.1/com.fasterxml.jackson.core/jackson-databind/2.9.9.3/68ddd453458765757fd3ffca9437f9a42d91003e/jackson-databind-2.9.9.3.jar
7fdbda0a8000-7fdbda0aa000 r--s 00001000 08:02 11934553                   /home/huyen/.gradle/caches/modules-2/files-2.1/com.fasterxml.jackson.module/jackson-module-parameter-names/2.9.9/a92facb55a2538e7b2fe14294570a18b823ad431/jackson-module-parameter-names-2.9.9.jar
7fdbda0aa000-7fdbda0ad000 r--s 00016000 08:02 11934552                   /home/huyen/.gradle/caches/modules-2/files-2.1/com.fasterxml.jackson.datatype/jackson-datatype-jsr310/2.9.9/a33df137557793b0404a486888dbe049f7abeeeb/jackson-datatype-jsr310-2.9.9.jar
7fdbda0ad000-7fdbda0af000 r--s 00007000 08:02 11934551                   /home/huyen/.gradle/caches/modules-2/files-2.1/com.fasterxml.jackson.datatype/jackson-datatype-jdk8/2.9.9/4b04126963103216c9c43b0f34bbc36315654204/jackson-datatype-jdk8-2.9.9.jar
7fdbda0af000-7fdbda0b1000 r--s 00005000 08:02 11934337                   /home/huyen/.gradle/caches/modules-2/files-2.1/javax.annotation/javax.annotation-api/1.3.2/934c04d3cfef185a8008e7bf34331b79730a9d43/javax.annotation-api-1.3.2.jar
7fdbda0b1000-7fdbda0b3000 r--s 00009000 08:02 11934550                   /home/huyen/.gradle/caches/modules-2/files-2.1/org.slf4j/slf4j-api/1.7.28/2cd9b264f76e3d087ee21bfc99305928e1bdb443/slf4j-api-1.7.28.jar
7fdbda0b3000-7fdbda0b5000 r--s 00000000 08:02 11934548                   /home/huyen/.gradle/caches/modules-2/files-2.1/org.slf4j/jul-to-slf4j/1.7.28/c6f06c420ad62d3824b38a06dfdce9fb55ba81ef/jul-to-slf4j-1.7.28.jar
7fdbda0b5000-7fdbda0b7000 r--s 00003000 08:02 11934549                   /home/huyen/.gradle/caches/modules-2/files-2.1/org.apache.logging.log4j/log4j-to-slf4j/2.11.2/6d37bf7b046c0ce2669f26b99365a2cfa45c4c18/log4j-to-slf4j-2.11.2.jar
7fdbda0b7000-7fdbda0bd000 r--s 00041000 08:02 11934355                   /home/huyen/.gradle/caches/modules-2/files-2.1/ch.qos.logback/logback-classic/1.2.3/7c4f3c474fb2c041d8028740440937705ebb473a/logback-classic-1.2.3.jar
7fdbda0bd000-7fdbda0be000 r--s 00000000 08:02 11934547                   /home/huyen/.gradle/caches/modules-2/files-2.1/org.springframework.boot/spring-boot-starter-logging/2.1.9.RELEASE/802b562b0c602ae9242b659a28b9bf89ca689b2d/spring-boot-starter-logging-2.1.9.RELEASE.jar
7fdbda0be000-7fdbda0ce000 r--s 000c5000 08:02 11931811                   /home/huyen/.gradle/caches/modules-2/files-2.1/org.thymeleaf/thymeleaf/3.0.11.RELEASE/628ebb91f520053d4120b7b18bf78ff295d57461/thymeleaf-3.0.11.RELEASE.jar
7fdbda0ce000-7fdbda0d3000 r--s 0004b000 08:02 11931826                   /home/huyen/.gradle/caches/modules-2/files-2.1/org.dom4j/dom4j/2.1.1/3dce5dbb3571aa820c677fadd8349bfa8f00c199/dom4j-2.1.1.jar
7fdbda0d3000-7fdbda0d5000 r--s 0000f000 08:02 11934542                   /home/huyen/.gradle/caches/modules-2/files-2.1/com.fasterxml/classmate/1.4.0/291658ac2ce2476256c7115943652c0accb5c857/classmate-1.4.0.jar
7fdbda0d5000-7fdbda0d8000 r--s 0002b000 08:02 11931821                   /home/huyen/.gradle/caches/modules-2/files-2.1/org.jboss/jandex/2.0.5.Final/7060f67764565b9ee9d467e3ed0cb8a9c601b23a/jandex-2.0.5.Final.jar
7fdbda0d8000-7fdbda0dd000 r--s 00068000 08:02 11931819                   /home/huyen/.gradle/caches/modules-2/files-2.1/antlr/antlr/2.7.7/83cd2cd674a217ade95a4bb83a8a14f351f48bd0/antlr-2.7.7.jar
7fdbda0dd000-7fdbda125000 r--s 002de000 08:02 11934541                   /home/huyen/.gradle/caches/modules-2/files-2.1/net.bytebuddy/byte-buddy/1.9.16/e7d63009be7b87ff1f15b72e5b8c59c897a8d8bd/byte-buddy-1.9.16.jar
7fdbda125000-7fdbda130000 r--s 000b2000 08:02 11934540                   /home/huyen/.gradle/caches/modules-2/files-2.1/org.javassist/javassist/3.23.2-GA/c5afe660a95e87ceb518e4f5cf02f5c56b547683/javassist-3.23.2-GA.jar
7fdbda130000-7fdbda136000 r--s 00023000 08:02 11931816                   /home/huyen/.gradle/caches/modules-2/files-2.1/javax.persistence/javax.persistence-api/2.2/25665ac8c0b62f50e6488173233239120fc52c96/javax.persistence-api-2.2.jar
7fdbda136000-7fdbda138000 r--s 0000f000 08:02 11934539                   /home/huyen/.gradle/caches/modules-2/files-2.1/org.jboss.logging/jboss-logging/3.3.3.Final/d3cfa8d3075fd52884fc82ded5c52b1407f18e6e/jboss-logging-3.3.3.Final.jar
7fdbda138000-7fdbda13b000 r--s 00010000 08:02 11934538                   /home/huyen/.gradle/caches/modules-2/files-2.1/org.hibernate.common/hibernate-commons-annotations/5.0.4.Final/965a18fdf939ee75e41f7918532d37b3a8350535/hibernate-commons-annotations-5.0.4.Final.jar
7fdbda13b000-7fdbda13d000 r--s 0000c000 08:02 11931825                   /home/huyen/.gradle/caches/modules-2/files-2.1/javax.activation/javax.activation-api/1.2.0/85262acf3ca9816f9537ca47d5adeabaead7cb16/javax.activation-api-1.2.0.jar
7fdbda13d000-7fdbda141000 r--s 00020000 08:02 11934535                   /home/huyen/.gradle/caches/modules-2/files-2.1/com.zaxxer/HikariCP/3.2.0/6c66db1c636ee90beb4c65fe34abd8ba9396bca6/HikariCP-3.2.0.jar
7fdbda141000-7fdbda15a000 r--s 001da000 08:02 11934534                   /home/huyen/.gradle/caches/modules-2/files-2.1/org.aspectj/aspectjweaver/1.9.4/9205229878f3d62fbd3a32a0fb6be2d6ad8589a9/aspectjweaver-1.9.4.jar
7fdbda15a000-7fdbda15b000 r--s 00005000 08:02 11934453                   /home/huyen/.gradle/caches/modules-2/files-2.1/org.springframework/spring-jcl/5.1.10.RELEASE/6a2739f86e70d9495314489a99bebff473959fe7/spring-jcl-5.1.10.RELEASE.jar
7fdbda15b000-7fdbda174000 r--s 00125000 08:02 11934454                   /home/huyen/.gradle/caches/modules-2/files-2.1/org.springframework/spring-core/5.1.10.RELEASE/4349487d80cd1098de6266d1ae99f8d743342d85/spring-core-5.1.10.RELEASE.jar
7fdbda174000-7fdbda179000 r--s 00040000 08:02 11934546                   /home/huyen/.gradle/caches/modules-2/files-2.1/org.springframework/spring-expression/5.1.10.RELEASE/7dc657305af97015f96135bfbb5036caf8829070/spring-expression-5.1.10.RELEASE.jar
7fdbda179000-7fdbda185000 r--s 00099000 08:02 11934545                   /home/huyen/.gradle/caches/modules-2/files-2.1/org.springframework/spring-beans/5.1.10.RELEASE/6aa17eabf08008f22e7824285663662e7c27e3f4/spring-beans-5.1.10.RELEASE.jar
7fdbda185000-7fdbda18d000 r--s 00037000 08:02 11934544                   /home/huyen/.gradle/caches/modules-2/files-2.1/org.springframework/spring-tx/5.1.10.RELEASE/c32ebb7fb1be3b733304b7873c31817dd434479a/spring-tx-5.1.10.RELEASE.jar
7fdbda18d000-7fdbda1a6000 r--s 00107000 08:02 11934543                   /home/huyen/.gradle/caches/modules-2/files-2.1/org.springframework.data/spring-data-commons/2.1.11.RELEASE/dace2a47d274ac5f0ac3ff2f47cb0b936bef5b46/spring-data-commons-2.1.11.RELEASE.jar
7fdbda1a6000-7fdbda1af000 r--s 0005a000 08:02 11934537                   /home/huyen/.gradle/caches/modules-2/files-2.1/org.springframework/spring-jdbc/5.1.10.RELEASE/48957bfad9656fdba9263539e2fa8f3034939ba8/spring-jdbc-5.1.10.RELEASE.jar
7fdbda1af000-7fdbda1b3000 r--s 0002d000 08:02 11934536                   /home/huyen/.gradle/caches/modules-2/files-2.1/org.springframework/spring-orm/5.1.10.RELEASE/ce92238d65405408387b1ae7a5dd5a280f7ea29f/spring-orm-5.1.10.RELEASE.jar
7fdbda1b3000-7fdbda1bc000 r--s 00052000 08:02 11934533                   /home/huyen/.gradle/caches/modules-2/files-2.1/org.springframework/spring-aop/5.1.10.RELEASE/e602c71f7c6e4479fe94d12597563f00c1d94aed/spring-aop-5.1.10.RELEASE.jar
7fdbda1bc000-7fdbda1d6000 r--s 000f4000 08:02 11934532                   /home/huyen/.gradle/caches/modules-2/files-2.1/org.springframework/spring-context/5.1.10.RELEASE/f81a8bb5edeee61484ad916d8bc1dac55e994f1c/spring-context-5.1.10.RELEASE.jar
7fdbda1d6000-7fdbda1eb000 r--s 000d5000 08:02 11934531                   /home/huyen/.gradle/caches/modules-2/files-2.1/org.springframework.boot/spring-boot/2.1.9.RELEASE/b18e7287a82ee06c6bb4e79423c25c05b8303dc1/spring-boot-2.1.9.RELEASE.jar
7fdbda1eb000-7fdbda20f000 r--s 00113000 08:02 11934530                   /home/huyen/.gradle/caches/modules-2/files-2.1/org.springframework.boot/spring-boot-autoconfigure/2.1.9.RELEASE/aa6d5e0fef585bec64543b9b8f944a94060e710a/spring-boot-autoconfigure-2.1.9.RELEASE.jar
7fdbda20f000-7fdbda22b000 r--s 00138000 08:02 11934529                   /home/huyen/.gradle/caches/modules-2/files-2.1/org.springframework/spring-web/5.1.10.RELEASE/f769e9287286f80f6b1d943cc27194ec33d2041c/spring-web-5.1.10.RELEASE.jar
7fdbda22b000-7fdbda23a000 r--s 000b5000 08:02 11934528                   /home/huyen/.gradle/caches/modules-2/files-2.1/org.springframework/spring-webmvc/5.1.10.RELEASE/67b6da7852e89bc0df6ce36a263ac4377fe48e27/spring-webmvc-5.1.10.RELEASE.jar
7fdbda23a000-7fdbda257000 r--s 000fe000 08:02 11931793                   /home/huyen/.gradle/caches/modules-2/files-2.1/org.hibernate.validator/hibernate-validator/6.0.17.Final/af73055fc4a103ab347c56e7da5a143d68a0170/hibernate-validator-6.0.17.Final.jar
7fdbda257000-7fdbda258000 r--s 00000000 08:02 11934527                   /home/huyen/.gradle/caches/modules-2/files-2.1/org.springframework.boot/spring-boot-starter-tomcat/2.1.9.RELEASE/99bef08a0b7fd10ff9827f0f8e6f49b97cbabf7f/spring-boot-starter-tomcat-2.1.9.RELEASE.jar
7fdbda258000-7fdbda259000 r--s 00009000 08:02 11934526                   /home/huyen/.gradle/caches/modules-2/files-2.1/org.thymeleaf.extras/thymeleaf-extras-java8time/3.0.4.RELEASE/36e7175ddce36c486fff4578b5af7bb32f54f5df/thymeleaf-extras-java8time-3.0.4.RELEASE.jar
7fdbda259000-7fdbda25e000 r--s 00027000 08:02 11934525                   /home/huyen/.gradle/caches/modules-2/files-2.1/org.thymeleaf/thymeleaf-spring5/3.0.11.RELEASE/de7bf0adf13b5e9c4811f95edf18279da193c0c6/thymeleaf-spring5-3.0.11.RELEASE.jar
7fdbda25e000-7fdbda25f000 r--s 00000000 08:02 11934524                   /home/huyen/.gradle/caches/modules-2/files-2.1/org.springframework.boot/spring-boot-starter/2.1.9.RELEASE/45d7afa2d9aab4b2984f2c330f507797fbcf501f/spring-boot-starter-2.1.9.RELEASE.jar
7fdbda25f000-7fdbda260000 r--s 00000000 08:02 11934523                   /home/huyen/.gradle/caches/modules-2/files-2.1/org.springframework.boot/spring-boot-starter-json/2.1.9.RELEASE/53bdf52bc28b7e753874e0136fb33c9eab184276/spring-boot-starter-json-2.1.9.RELEASE.jar
7fdbda260000-7fdbda262000 r--s 0000a000 08:02 11934522                   /home/huyen/.gradle/caches/modules-2/files-2.1/org.springframework/spring-aspects/5.1.10.RELEASE/b0364caabcde96dc6385480d0f9270613ab04511/spring-aspects-5.1.10.RELEASE.jar
7fdbda262000-7fdbda26b000 r--s 00050000 08:02 11934521                   /home/huyen/.gradle/caches/modules-2/files-2.1/org.springframework.data/spring-data-jpa/2.1.11.RELEASE/b774364187f5e68379b8c3121232a04686a0325c/spring-data-jpa-2.1.11.RELEASE.jar
7fdbda26b000-7fdbda26f000 r--s 0001c000 08:02 11931823                   /home/huyen/.gradle/caches/modules-2/files-2.1/javax.xml.bind/jaxb-api/2.3.1/8531ad5ac454cc2deb9d4d32c40c4d7451939b5d/jaxb-api-2.3.1.jar
7fdbda26f000-7fdbda283000 r--s 000f7000 08:02 11931824                   /home/huyen/.gradle/caches/modules-2/files-2.1/org.glassfish.jaxb/jaxb-runtime/2.3.1/dd6dda9da676a54c5b36ca2806ff95ee017d8738/jaxb-runtime-2.3.1.jar
7fdbda283000-7fdbda29b000 r--s 0021f000 08:02 11934615                   /home/huyen/.gradle/caches/modules-2/files-2.1/mysql/mysql-connector-java/8.0.17/53da6afdc5f7b45caaa5bc3627028b2041a36cee/mysql-connector-java-8.0.17.jar
7fdbda29b000-7fdbda31d000 r--s 0062c000 08:02 11934520                   /home/huyen/.gradle/caches/modules-2/files-2.1/org.hibernate/hibernate-core/5.3.12.Final/e1929362fe24a9f62142d18f1ac5b0d7f278ef22/hibernate-core-5.3.12.Final.jar
7fdbda31d000-7fdbda31e000 r--s 00006000 08:02 11934519                   /home/huyen/.gradle/caches/modules-2/files-2.1/javax.transaction/javax.transaction-api/1.3/e006adf5cf3cca2181d16bd640ecb80148ec0fce/javax.transaction-api-1.3.jar
7fdbda31e000-7fdbda31f000 r--s 00000000 08:02 11934516                   /home/huyen/.gradle/caches/modules-2/files-2.1/org.springframework.boot/spring-boot-starter-jdbc/2.1.9.RELEASE/3f7d1d67669dfa0ea4ff9216afbeef5bc6a58ecb/spring-boot-starter-jdbc-2.1.9.RELEASE.jar
7fdbda31f000-7fdbda320000 r--s 00000000 08:02 11934560                   /home/huyen/.gradle/caches/modules-2/files-2.1/org.springframework.boot/spring-boot-starter-aop/2.1.9.RELEASE/74226b26cf15952f639deca38fe919701755c97b/spring-boot-starter-aop-2.1.9.RELEASE.jar
7fdbda320000-7fdbda323000 r--s 00012000 08:02 11934899                   /home/huyen/.gradle/caches/modules-2/files-2.1/org.springframework.session/spring-session-core/2.1.9.RELEASE/722827b42f40a47b5db0813091cafc6b7fc6b28e/spring-session-core-2.1.9.RELEASE.jar
7fdbda323000-7fdbda329000 r--s 0002e000 08:02 11934613                   /home/huyen/.gradle/caches/modules-2/files-2.1/org.springframework.boot/spring-boot-devtools/2.1.9.RELEASE/7b5c45793e5e6579a09d816c1fa8406a9d7a56e2/spring-boot-devtools-2.1.9.RELEASE.jar
7fdbda329000-7fdbda33c000 r--s 00345000 08:02 11801787                   /usr/lib/jdk-8u221-linux-x64/jdk1.8.0_221/jre/lib/resources.jar
7fdbda33c000-7fdbda34f000 r--s 000d6000 08:02 11801659                   /usr/lib/jdk-8u221-linux-x64/jdk1.8.0_221/jre/lib/plugin.jar
7fdbda34f000-7fdbda352000 ---p 00000000 00:00 0 
7fdbda352000-7fdbda450000 rw-p 00000000 00:00 0 
7fdbda450000-7fdbdb4f5000 r--p 00000000 08:02 11410404                   /usr/lib/locale/locale-archive
7fdbdb4f5000-7fdbdb4f8000 ---p 00000000 00:00 0 
7fdbdb4f8000-7fdbdb5f6000 rw-p 00000000 00:00 0 
7fdbdb5f6000-7fdbdb5f9000 ---p 00000000 00:00 0 
7fdbdb5f9000-7fdbdb6f7000 rw-p 00000000 00:00 0 
7fdbdb6f7000-7fdbdb6f8000 ---p 00000000 00:00 0 
7fdbdb6f8000-7fdbdc000000 rw-p 00000000 00:00 0 
7fdbdc000000-7fdbdc021000 rw-p 00000000 00:00 0 
7fdbdc021000-7fdbe0000000 ---p 00000000 00:00 0 
7fdbe0000000-7fdbe0027000 rw-p 00000000 00:00 0 
7fdbe0027000-7fdbe4000000 ---p 00000000 00:00 0 
7fdbe4000000-7fdbe4021000 rw-p 00000000 00:00 0 
7fdbe4021000-7fdbe8000000 ---p 00000000 00:00 0 
7fdbe8000000-7fdbe8005000 r--s 000a3000 08:02 11801818                   /usr/lib/jdk-8u221-linux-x64/jdk1.8.0_221/jre/lib/jsse.jar
7fdbe8005000-7fdbe8020000 r--s 0020c000 08:02 11801660                   /usr/lib/jdk-8u221-linux-x64/jdk1.8.0_221/jre/lib/deploy.jar
7fdbe8020000-7fdbe8626000 rw-p 00000000 00:00 0 
7fdbe8626000-7fdbe8800000 r--s 03d88000 08:02 11801665                   /usr/lib/jdk-8u221-linux-x64/jdk1.8.0_221/jre/lib/rt.jar
7fdbe8800000-7fdbe9000000 rw-p 00000000 00:00 0 
7fdbe9000000-7fdbe96e0000 rwxp 00000000 00:00 0 
7fdbe96e0000-7fdbf8000000 ---p 00000000 00:00 0 
7fdbf8000000-7fdbf8844000 rw-p 00000000 00:00 0 
7fdbf8844000-7fdbfc000000 ---p 00000000 00:00 0 
7fdbfc000000-7fdbfc001000 r--s 00000000 08:02 11934515                   /home/huyen/.gradle/caches/modules-2/files-2.1/org.springframework.boot/spring-boot-starter-web/2.1.9.RELEASE/2063870234eebbda3c09dddf9853477fe9e4a719/spring-boot-starter-web-2.1.9.RELEASE.jar
7fdbfc001000-7fdbfc002000 r--s 00000000 08:02 11934517                   /home/huyen/.gradle/caches/modules-2/files-2.1/org.springframework.boot/spring-boot-starter-thymeleaf/2.1.9.RELEASE/b9befb96987c95fe8a6ab4fa79e5ea7a89518fca/spring-boot-starter-thymeleaf-2.1.9.RELEASE.jar
7fdbfc002000-7fdbfc004000 r--s 00007000 08:02 11801823                   /usr/lib/jdk-8u221-linux-x64/jdk1.8.0_221/jre/lib/jfxswt.jar
7fdbfc004000-7fdbfc009000 r--s 00084000 08:02 11801813                   /usr/lib/jdk-8u221-linux-x64/jdk1.8.0_221/jre/lib/jfr.jar
7fdbfc009000-7fdbfc013000 r--s 0006e000 08:02 11801791                   /usr/lib/jdk-8u221-linux-x64/jdk1.8.0_221/jre/lib/javaws.jar
7fdbfc013000-7fdbfe226000 rw-p 00000000 00:00 0 
7fdbfe226000-7fdbfe227000 ---p 00000000 00:00 0 
7fdbfe227000-7fdbfe327000 rw-p 00000000 00:00 0 
7fdbfe327000-7fdbfe328000 ---p 00000000 00:00 0 
7fdbfe328000-7fdbfe428000 rw-p 00000000 00:00 0 
7fdbfe428000-7fdbfe429000 ---p 00000000 00:00 0 
7fdbfe429000-7fdbfe529000 rw-p 00000000 00:00 0 
7fdbfe529000-7fdbfe52a000 ---p 00000000 00:00 0 
7fdbfe52a000-7fdbfe63a000 rw-p 00000000 00:00 0 
7fdbfe63a000-7fdbfe76b000 ---p 00000000 00:00 0 
7fdbfe76b000-7fdbfe77b000 rw-p 00000000 00:00 0 
7fdbfe77b000-7fdbfe8ab000 ---p 00000000 00:00 0 
7fdbfe8ab000-7fdbfe90b000 rw-p 00000000 00:00 0 
7fdbfe90b000-7fdbfe94c000 ---p 00000000 00:00 0 
7fdbfe94c000-7fdbfe969000 rw-p 00000000 00:00 0 
7fdbfe969000-7fdbfed0d000 ---p 00000000 00:00 0 
7fdbfed0d000-7fdbfed28000 r-xp 00000000 08:02 12987652                   /usr/lib/jdk-8u221-linux-x64/jdk1.8.0_221/jre/lib/amd64/libzip.so
7fdbfed28000-7fdbfef27000 ---p 0001b000 08:02 12987652                   /usr/lib/jdk-8u221-linux-x64/jdk1.8.0_221/jre/lib/amd64/libzip.so
7fdbfef27000-7fdbfef28000 r--p 0001a000 08:02 12987652                   /usr/lib/jdk-8u221-linux-x64/jdk1.8.0_221/jre/lib/amd64/libzip.so
7fdbfef28000-7fdbfef29000 rw-p 0001b000 08:02 12987652                   /usr/lib/jdk-8u221-linux-x64/jdk1.8.0_221/jre/lib/amd64/libzip.so
7fdbfef29000-7fdbfef2c000 r--p 00000000 08:02 11411824                   /usr/lib/x86_64-linux-gnu/libnss_files-2.29.so
7fdbfef2c000-7fdbfef33000 r-xp 00003000 08:02 11411824                   /usr/lib/x86_64-linux-gnu/libnss_files-2.29.so
7fdbfef33000-7fdbfef35000 r--p 0000a000 08:02 11411824                   /usr/lib/x86_64-linux-gnu/libnss_files-2.29.so
7fdbfef35000-7fdbfef36000 r--p 0000b000 08:02 11411824                   /usr/lib/x86_64-linux-gnu/libnss_files-2.29.so
7fdbfef36000-7fdbfef37000 rw-p 0000c000 08:02 11411824                   /usr/lib/x86_64-linux-gnu/libnss_files-2.29.so
7fdbfef37000-7fdbfef50000 rw-p 00000000 00:00 0 
7fdbfef50000-7fdbfef5a000 r-xp 00000000 08:02 12987654                   /usr/lib/jdk-8u221-linux-x64/jdk1.8.0_221/jre/lib/amd64/libinstrument.so
7fdbfef5a000-7fdbff159000 ---p 0000a000 08:02 12987654                   /usr/lib/jdk-8u221-linux-x64/jdk1.8.0_221/jre/lib/amd64/libinstrument.so
7fdbff159000-7fdbff15a000 r--p 00009000 08:02 12987654                   /usr/lib/jdk-8u221-linux-x64/jdk1.8.0_221/jre/lib/amd64/libinstrument.so
7fdbff15a000-7fdbff15b000 rw-p 0000a000 08:02 12987654                   /usr/lib/jdk-8u221-linux-x64/jdk1.8.0_221/jre/lib/amd64/libinstrument.so
7fdbff15b000-7fdbff187000 r-xp 00000000 08:02 12987643                   /usr/lib/jdk-8u221-linux-x64/jdk1.8.0_221/jre/lib/amd64/libjava.so
7fdbff187000-7fdbff387000 ---p 0002c000 08:02 12987643                   /usr/lib/jdk-8u221-linux-x64/jdk1.8.0_221/jre/lib/amd64/libjava.so
7fdbff387000-7fdbff388000 r--p 0002c000 08:02 12987643                   /usr/lib/jdk-8u221-linux-x64/jdk1.8.0_221/jre/lib/amd64/libjava.so
7fdbff388000-7fdbff38a000 rw-p 0002d000 08:02 12987643                   /usr/lib/jdk-8u221-linux-x64/jdk1.8.0_221/jre/lib/amd64/libjava.so
7fdbff38a000-7fdbff397000 r-xp 00000000 08:02 12987634                   /usr/lib/jdk-8u221-linux-x64/jdk1.8.0_221/jre/lib/amd64/libverify.so
7fdbff397000-7fdbff596000 ---p 0000d000 08:02 12987634                   /usr/lib/jdk-8u221-linux-x64/jdk1.8.0_221/jre/lib/amd64/libverify.so
7fdbff596000-7fdbff598000 r--p 0000c000 08:02 12987634                   /usr/lib/jdk-8u221-linux-x64/jdk1.8.0_221/jre/lib/amd64/libverify.so
7fdbff598000-7fdbff599000 rw-p 0000e000 08:02 12987634                   /usr/lib/jdk-8u221-linux-x64/jdk1.8.0_221/jre/lib/amd64/libverify.so
7fdbff599000-7fdbff59c000 r--p 00000000 08:02 11412032                   /usr/lib/x86_64-linux-gnu/librt-2.29.so
7fdbff59c000-7fdbff5a0000 r-xp 00003000 08:02 11412032                   /usr/lib/x86_64-linux-gnu/librt-2.29.so
7fdbff5a0000-7fdbff5a2000 r--p 00007000 08:02 11412032                   /usr/lib/x86_64-linux-gnu/librt-2.29.so
7fdbff5a2000-7fdbff5a3000 r--p 00008000 08:02 11412032                   /usr/lib/x86_64-linux-gnu/librt-2.29.so
7fdbff5a3000-7fdbff5a4000 rw-p 00009000 08:02 11412032                   /usr/lib/x86_64-linux-gnu/librt-2.29.so
7fdbff5a4000-7fdbff5a5000 ---p 00000000 00:00 0 
7fdbff5a5000-7fdbff5a8000 ---p 00000000 00:00 0 
7fdbff5a8000-7fdbff6a5000 rw-p 00000000 00:00 0 
7fdbff6a5000-7fdbff6b4000 r--p 00000000 08:02 11411696                   /usr/lib/x86_64-linux-gnu/libm-2.29.so
7fdbff6b4000-7fdbff75a000 r-xp 0000f000 08:02 11411696                   /usr/lib/x86_64-linux-gnu/libm-2.29.so
7fdbff75a000-7fdbff7f1000 r--p 000b5000 08:02 11411696                   /usr/lib/x86_64-linux-gnu/libm-2.29.so
7fdbff7f1000-7fdbff7f2000 r--p 0014b000 08:02 11411696                   /usr/lib/x86_64-linux-gnu/libm-2.29.so
7fdbff7f2000-7fdbff7f3000 rw-p 0014c000 08:02 11411696                   /usr/lib/x86_64-linux-gnu/libm-2.29.so
7fdbff7f3000-7fdc004db000 r-xp 00000000 08:02 12987650                   /usr/lib/jdk-8u221-linux-x64/jdk1.8.0_221/jre/lib/amd64/server/libjvm.so
7fdc004db000-7fdc006da000 ---p 00ce8000 08:02 12987650                   /usr/lib/jdk-8u221-linux-x64/jdk1.8.0_221/jre/lib/amd64/server/libjvm.so
7fdc006da000-7fdc00770000 r--p 00ce7000 08:02 12987650                   /usr/lib/jdk-8u221-linux-x64/jdk1.8.0_221/jre/lib/amd64/server/libjvm.so
7fdc00770000-7fdc007a1000 rw-p 00d7d000 08:02 12987650                   /usr/lib/jdk-8u221-linux-x64/jdk1.8.0_221/jre/lib/amd64/server/libjvm.so
7fdc007a1000-7fdc007de000 rw-p 00000000 00:00 0 
7fdc007de000-7fdc00803000 r--p 00000000 08:02 11411077                   /usr/lib/x86_64-linux-gnu/libc-2.29.so
7fdc00803000-7fdc00976000 r-xp 00025000 08:02 11411077                   /usr/lib/x86_64-linux-gnu/libc-2.29.so
7fdc00976000-7fdc009bf000 r--p 00198000 08:02 11411077                   /usr/lib/x86_64-linux-gnu/libc-2.29.so
7fdc009bf000-7fdc009c2000 r--p 001e0000 08:02 11411077                   /usr/lib/x86_64-linux-gnu/libc-2.29.so
7fdc009c2000-7fdc009c5000 rw-p 001e3000 08:02 11411077                   /usr/lib/x86_64-linux-gnu/libc-2.29.so
7fdc009c5000-7fdc009c9000 rw-p 00000000 00:00 0 
7fdc009c9000-7fdc009ca000 r--p 00000000 08:02 11411214                   /usr/lib/x86_64-linux-gnu/libdl-2.29.so
7fdc009ca000-7fdc009cc000 r-xp 00001000 08:02 11411214                   /usr/lib/x86_64-linux-gnu/libdl-2.29.so
7fdc009cc000-7fdc009cd000 r--p 00003000 08:02 11411214                   /usr/lib/x86_64-linux-gnu/libdl-2.29.so
7fdc009cd000-7fdc009ce000 r--p 00003000 08:02 11411214                   /usr/lib/x86_64-linux-gnu/libdl-2.29.so
7fdc009ce000-7fdc009cf000 rw-p 00004000 08:02 11411214                   /usr/lib/x86_64-linux-gnu/libdl-2.29.so
7fdc009cf000-7fdc009e6000 r-xp 00000000 08:02 11668234                   /usr/lib/jdk-8u221-linux-x64/jdk1.8.0_221/lib/amd64/jli/libjli.so
7fdc009e6000-7fdc00be5000 ---p 00017000 08:02 11668234                   /usr/lib/jdk-8u221-linux-x64/jdk1.8.0_221/lib/amd64/jli/libjli.so
7fdc00be5000-7fdc00be6000 r--p 00016000 08:02 11668234                   /usr/lib/jdk-8u221-linux-x64/jdk1.8.0_221/lib/amd64/jli/libjli.so
7fdc00be6000-7fdc00be7000 rw-p 00017000 08:02 11668234                   /usr/lib/jdk-8u221-linux-x64/jdk1.8.0_221/lib/amd64/jli/libjli.so
7fdc00be7000-7fdc00bee000 r--p 00000000 08:02 11411966                   /usr/lib/x86_64-linux-gnu/libpthread-2.29.so
7fdc00bee000-7fdc00bfd000 r-xp 00007000 08:02 11411966                   /usr/lib/x86_64-linux-gnu/libpthread-2.29.so
7fdc00bfd000-7fdc00c02000 r--p 00016000 08:02 11411966                   /usr/lib/x86_64-linux-gnu/libpthread-2.29.so
7fdc00c02000-7fdc00c03000 r--p 0001a000 08:02 11411966                   /usr/lib/x86_64-linux-gnu/libpthread-2.29.so
7fdc00c03000-7fdc00c04000 rw-p 0001b000 08:02 11411966                   /usr/lib/x86_64-linux-gnu/libpthread-2.29.so
7fdc00c04000-7fdc00c08000 rw-p 00000000 00:00 0 
7fdc00c08000-7fdc00c09000 r--s 00000000 08:02 11934518                   /home/huyen/.gradle/caches/modules-2/files-2.1/org.springframework.boot/spring-boot-starter-data-jpa/2.1.9.RELEASE/784d6d5c525c2dd9fac31031ee6ca2ec8b067af5/spring-boot-starter-data-jpa-2.1.9.RELEASE.jar
7fdc00c09000-7fdc00c0c000 r--s 0001a000 08:02 11801755                   /usr/lib/jdk-8u221-linux-x64/jdk1.8.0_221/jre/lib/jce.jar
7fdc00c0c000-7fdc00c11000 r--s 002f9000 08:02 11801664                   /usr/lib/jdk-8u221-linux-x64/jdk1.8.0_221/jre/lib/charsets.jar
7fdc00c11000-7fdc00c19000 rw-s 00000000 08:02 11933154                   /tmp/hsperfdata_huyen/14393
7fdc00c19000-7fdc00c1a000 rw-p 00000000 00:00 0 
7fdc00c1a000-7fdc00c1b000 ---p 00000000 00:00 0 
7fdc00c1b000-7fdc00c1d000 rw-p 00000000 00:00 0 
7fdc00c1d000-7fdc00c1e000 r--p 00000000 08:02 11410857                   /usr/lib/x86_64-linux-gnu/ld-2.29.so
7fdc00c1e000-7fdc00c3f000 r-xp 00001000 08:02 11410857                   /usr/lib/x86_64-linux-gnu/ld-2.29.so
7fdc00c3f000-7fdc00c47000 r--p 00022000 08:02 11410857                   /usr/lib/x86_64-linux-gnu/ld-2.29.so
7fdc00c47000-7fdc00c48000 r--p 00029000 08:02 11410857                   /usr/lib/x86_64-linux-gnu/ld-2.29.so
7fdc00c48000-7fdc00c49000 rw-p 0002a000 08:02 11410857                   /usr/lib/x86_64-linux-gnu/ld-2.29.so
7fdc00c49000-7fdc00c4a000 rw-p 00000000 00:00 0 
7fff97b0d000-7fff97b31000 rw-p 00000000 00:00 0                          [stack]
7fff97b71000-7fff97b74000 r--p 00000000 00:00 0                          [vvar]
7fff97b74000-7fff97b75000 r-xp 00000000 00:00 0                          [vdso]
ffffffffff600000-ffffffffff601000 r-xp 00000000 00:00 0                  [vsyscall]

VM Arguments:
jvm_args: -XX:TieredStopAtLevel=1 -Xverify:none -Dspring.output.ansi.enabled=always -Dcom.sun.management.jmxremote -Dspring.jmx.enabled=true -Dspring.liveBeansView.mbeanDomain -Dspring.application.admin.enabled=true -javaagent:/snap/intellij-idea-ultimate/173/lib/idea_rt.jar=44845:/snap/intellij-idea-ultimate/173/bin -Dfile.encoding=UTF-8 
java_command: com.codegym.casestudybookmanagerment.CasestudyBookmanagermentApplication
java_class_path (initial): /usr/lib/jdk-8u221-linux-x64/jdk1.8.0_221/jre/lib/charsets.jar:/usr/lib/jdk-8u221-linux-x64/jdk1.8.0_221/jre/lib/deploy.jar:/usr/lib/jdk-8u221-linux-x64/jdk1.8.0_221/jre/lib/ext/cldrdata.jar:/usr/lib/jdk-8u221-linux-x64/jdk1.8.0_221/jre/lib/ext/dnsns.jar:/usr/lib/jdk-8u221-linux-x64/jdk1.8.0_221/jre/lib/ext/jaccess.jar:/usr/lib/jdk-8u221-linux-x64/jdk1.8.0_221/jre/lib/ext/jfxrt.jar:/usr/lib/jdk-8u221-linux-x64/jdk1.8.0_221/jre/lib/ext/localedata.jar:/usr/lib/jdk-8u221-linux-x64/jdk1.8.0_221/jre/lib/ext/nashorn.jar:/usr/lib/jdk-8u221-linux-x64/jdk1.8.0_221/jre/lib/ext/sunec.jar:/usr/lib/jdk-8u221-linux-x64/jdk1.8.0_221/jre/lib/ext/sunjce_provider.jar:/usr/lib/jdk-8u221-linux-x64/jdk1.8.0_221/jre/lib/ext/sunpkcs11.jar:/usr/lib/jdk-8u221-linux-x64/jdk1.8.0_221/jre/lib/ext/zipfs.jar:/usr/lib/jdk-8u221-linux-x64/jdk1.8.0_221/jre/lib/javaws.jar:/usr/lib/jdk-8u221-linux-x64/jdk1.8.0_221/jre/lib/jce.jar:/usr/lib/jdk-8u221-linux-x64/jdk1.8.0_221/jre/lib/jfr.jar:/usr/lib/jdk-8u221-linux-x64/jdk1.8.0_221/jre/lib/jfxswt.jar:/usr/lib/jdk-8u221-linux-x64/jdk1.8.0_221/jre/lib/jsse.jar:/usr/lib/jdk-8u221-linux-x64/jdk1.8.0_221/jre/lib/plugin.jar:/usr/lib/jdk-8u221-linux-x64/jdk1.8.0_221/jre/lib/resources.jar:/usr/lib/jdk-8u221-linux-x64/jdk1.8.0_221/jre/lib/rt.jar:/home/huyen/IdeaProjects/SpringBoot/casestudy-bookmanagerment/build/classes/java/main:/home/huyen/IdeaProjects/SpringBoot/casestudy-bookmanagerment/build/resources/main:/home/huyen/.gradle/caches/modules-2/files-2.1/org.springframework.boot/spring-boot-starter-data-jpa/2.1.9.RELEASE/784d6d5c525c2dd9fac31031ee6ca2ec8b067af5/spring-boot-starter-data-jpa-2.1.9.RELEASE.jar:/home/huyen/.gradle/caches/modules-2/files-2.1/org.springframework.boot/spring-boot-starter-thymeleaf/2.1.9.RELEASE/b9befb96987c95fe8a6ab4fa79e5ea7a89518fca/spring-boot-starter-thymeleaf-2.1.9.RELEASE.jar:/home/huyen/.gradle/caches/modules-2/files-2.1/org.springframework.boot/spring-boot-devtools/2.1.9.RELEASE/7b5c45793e5e6579a0
Launcher Type: SUN_STANDARD

Environment Variables:
PATH=/usr/local/sbin:/usr/local/bin:/usr/sbin:/usr/bin:/sbin:/bin:/usr/games:/usr/local/games:/snap/bin
USERNAME=huyen
SHELL=/bin/bash
DISPLAY=:0

Signal Handlers:
SIGSEGV: [libjvm.so+0xad3d90], sa_mask[0]=11111111011111111101111111111110, sa_flags=SA_RESTART|SA_SIGINFO
SIGBUS: [libjvm.so+0xad3d90], sa_mask[0]=11111111011111111101111111111110, sa_flags=SA_RESTART|SA_SIGINFO
SIGFPE: [libjvm.so+0x90b8b0], sa_mask[0]=11111111011111111101111111111110, sa_flags=SA_RESTART|SA_SIGINFO
SIGPIPE: [libjvm.so+0x90b8b0], sa_mask[0]=11111111011111111101111111111110, sa_flags=SA_RESTART|SA_SIGINFO
SIGXFSZ: [libjvm.so+0x90b8b0], sa_mask[0]=11111111011111111101111111111110, sa_flags=SA_RESTART|SA_SIGINFO
SIGILL: [libjvm.so+0x90b8b0], sa_mask[0]=11111111011111111101111111111110, sa_flags=SA_RESTART|SA_SIGINFO
SIGUSR1: SIG_DFL, sa_mask[0]=00000000000000000000000000000000, sa_flags=none
SIGUSR2: [libjvm.so+0x90b780], sa_mask[0]=00100000000000000000000000000000, sa_flags=SA_RESTART|SA_SIGINFO
SIGHUP: [libjvm.so+0x90bda0], sa_mask[0]=11111111011111111101111111111110, sa_flags=SA_RESTART|SA_SIGINFO
SIGINT: [libjvm.so+0x90bda0], sa_mask[0]=11111111011111111101111111111110, sa_flags=SA_RESTART|SA_SIGINFO
SIGTERM: [libjvm.so+0x90bda0], sa_mask[0]=11111111011111111101111111111110, sa_flags=SA_RESTART|SA_SIGINFO
SIGQUIT: [libjvm.so+0x90bda0], sa_mask[0]=11111111011111111101111111111110, sa_flags=SA_RESTART|SA_SIGINFO


---------------  S Y S T E M  ---------------

OS:DISTRIB_ID=Ubuntu
DISTRIB_RELEASE=19.04
DISTRIB_CODENAME=disco
DISTRIB_DESCRIPTION="Ubuntu 19.04"

uname:Linux 5.0.0-27-generic #28-Ubuntu SMP Tue Aug 20 19:53:07 UTC 2019 x86_64
libc:glibc 2.29 NPTL 2.29 
rlimit: STACK 8192k, CORE 0k, NPROC 15195, NOFILE 1048576, AS infinity
load average:60,56 18,94 7,37

/proc/meminfo:
MemTotal:        3938980 kB
MemFree:           87016 kB
MemAvailable:       5488 kB
Buffers:             460 kB
Cached:           149528 kB
SwapCached:           44 kB
Active:          2910852 kB
Inactive:         596380 kB
Active(anon):    2909672 kB
Inactive(anon):   593304 kB
Active(file):       1180 kB
Inactive(file):     3076 kB
Unevictable:        5492 kB
Mlocked:              48 kB
SwapTotal:       2097148 kB
SwapFree:              0 kB
Dirty:                 0 kB
Writeback:             0 kB
AnonPages:       3363396 kB
Mapped:             1924 kB
Shmem:            145048 kB
KReclaimable:      69232 kB
Slab:             192256 kB
SReclaimable:      69232 kB
SUnreclaim:       123024 kB
KernelStack:       16032 kB
PageTables:        39944 kB
NFS_Unstable:          0 kB
Bounce:                0 kB
WritebackTmp:          0 kB
CommitLimit:     4066636 kB
Committed_AS:   12467664 kB
VmallocTotal:   34359738367 kB
VmallocUsed:           0 kB
VmallocChunk:          0 kB
Percpu:             2960 kB
HardwareCorrupted:     0 kB
AnonHugePages:         0 kB
ShmemHugePages:        0 kB
ShmemPmdMapped:        0 kB
CmaTotal:              0 kB
CmaFree:               0 kB
HugePages_Total:       0
HugePages_Free:        0
HugePages_Rsvd:        0
HugePages_Surp:        0
Hugepagesize:       2048 kB
Hugetlb:               0 kB
DirectMap4k:      295500 kB
DirectMap2M:     3801088 kB
DirectMap1G:           0 kB

container (cgroup) information:
container_type: cgroupv1
cpu_cpuset_cpus: 0-3
cpu_memory_nodes: 0
active_processor_count: 4
cpu_quota: -1
cpu_period: 100000
cpu_shares: -1
memory_limit_in_bytes: -1
memory_and_swap_limit_in_bytes: -2
memory_soft_limit_in_bytes: -1
memory_usage_in_bytes: 3653586944
memory_max_usage_in_bytes: 3663220736


CPU:total 4 (initial active 4) (2 cores per cpu, 2 threads per core) family 6 model 69 stepping 1, cmov, cx8, fxsr, mmx, sse, sse2, sse3, ssse3, sse4.1, sse4.2, popcnt, avx, avx2, aes, clmul, erms, lzcnt, ht, tsc, tscinvbit, bmi1, bmi2

/proc/cpuinfo:
processor	: 0
vendor_id	: GenuineIntel
cpu family	: 6
model		: 69
model name	: Intel(R) Core(TM) i3-4030U CPU @ 1.90GHz
stepping	: 1
microcode	: 0x25
cpu MHz		: 1895.662
cache size	: 3072 KB
physical id	: 0
siblings	: 4
core id		: 0
cpu cores	: 2
apicid		: 0
initial apicid	: 0
fpu		: yes
fpu_exception	: yes
cpuid level	: 13
wp		: yes
flags		: fpu vme de pse tsc msr pae mce cx8 apic sep mtrr pge mca cmov pat pse36 clflush dts acpi mmx fxsr sse sse2 ss ht tm pbe syscall nx pdpe1gb rdtscp lm constant_tsc arch_perfmon pebs bts rep_good nopl xtopology nonstop_tsc cpuid aperfmperf pni pclmulqdq dtes64 monitor ds_cpl vmx est tm2 ssse3 sdbg fma cx16 xtpr pdcm pcid sse4_1 sse4_2 x2apic movbe popcnt tsc_deadline_timer aes xsave avx f16c rdrand lahf_lm abm cpuid_fault epb invpcid_single pti ssbd ibrs ibpb stibp tpr_shadow vnmi flexpriority ept vpid ept_ad fsgsbase tsc_adjust bmi1 avx2 smep bmi2 erms invpcid xsaveopt dtherm ida arat pln pts md_clear flush_l1d
bugs		: cpu_meltdown spectre_v1 spectre_v2 spec_store_bypass l1tf mds swapgs
bogomips	: 3791.32
clflush size	: 64
cache_alignment	: 64
address sizes	: 39 bits physical, 48 bits virtual
power management:

processor	: 1
vendor_id	: GenuineIntel
cpu family	: 6
model		: 69
model name	: Intel(R) Core(TM) i3-4030U CPU @ 1.90GHz
stepping	: 1
microcode	: 0x25
cpu MHz		: 1895.665
cache size	: 3072 KB
physical id	: 0
siblings	: 4
core id		: 1
cpu cores	: 2
apicid		: 2
initial apicid	: 2
fpu		: yes
fpu_exception	: yes
cpuid level	: 13
wp		: yes
flags		: fpu vme de pse tsc msr pae mce cx8 apic sep mtrr pge mca cmov pat pse36 clflush dts acpi mmx fxsr sse sse2 ss ht tm pbe syscall nx pdpe1gb rdtscp lm constant_tsc arch_perfmon pebs bts rep_good nopl xtopology nonstop_tsc cpuid aperfmperf pni pclmulqdq dtes64 monitor ds_cpl vmx est tm2 ssse3 sdbg fma cx16 xtpr pdcm pcid sse4_1 sse4_2 x2apic movbe popcnt tsc_deadline_timer aes xsave avx f16c rdrand lahf_lm abm cpuid_fault epb invpcid_single pti ssbd ibrs ibpb stibp tpr_shadow vnmi flexpriority ept vpid ept_ad fsgsbase tsc_adjust bmi1 avx2 smep bmi2 erms invpcid xsaveopt dtherm ida arat pln pts md_clear flush_l1d
bugs		: cpu_meltdown spectre_v1 spectre_v2 spec_store_bypass l1tf mds swapgs
bogomips	: 3791.32
clflush size	: 64
cache_alignment	: 64
address sizes	: 39 bits physical, 48 bits virtual
power management:

processor	: 2
vendor_id	: GenuineIntel
cpu family	: 6
model		: 69
model name	: Intel(R) Core(TM) i3-4030U CPU @ 1.90GHz
stepping	: 1
microcode	: 0x25
cpu MHz		: 1895.661
cache size	: 3072 KB
physical id	: 0
siblings	: 4
core id		: 0
cpu cores	: 2
apicid		: 1
initial apicid	: 1
fpu		: yes
fpu_exception	: yes
cpuid level	: 13
wp		: yes
flags		: fpu vme de pse tsc msr pae mce cx8 apic sep mtrr pge mca cmov pat pse36 clflush dts acpi mmx fxsr sse sse2 ss ht tm pbe syscall nx pdpe1gb rdtscp lm constant_tsc arch_perfmon pebs bts rep_good nopl xtopology nonstop_tsc cpuid aperfmperf pni pclmulqdq dtes64 monitor ds_cpl vmx est tm2 ssse3 sdbg fma cx16 xtpr pdcm pcid sse4_1 sse4_2 x2apic movbe popcnt tsc_deadline_timer aes xsave avx f16c rdrand lahf_lm abm cpuid_fault epb invpcid_single pti ssbd ibrs ibpb stibp tpr_shadow vnmi flexpriority ept vpid ept_ad fsgsbase tsc_adjust bmi1 avx2 smep bmi2 erms invpcid xsaveopt dtherm ida arat pln pts md_clear flush_l1d
bugs		: cpu_meltdown spectre_v1 spectre_v2 spec_store_bypass l1tf mds swapgs
bogomips	: 3791.32
clflush size	: 64
cache_alignment	: 64
address sizes	: 39 bits physical, 48 bits virtual
power management:

processor	: 3
vendor_id	: GenuineIntel
cpu family	: 6
model		: 69
model name	: Intel(R) Core(TM) i3-4030U CPU @ 1.90GHz
stepping	: 1
microcode	: 0x25
cpu MHz		: 1895.664
cache size	: 3072 KB
physical id	: 0
siblings	: 4
core id		: 1
cpu cores	: 2
apicid		: 3
initial apicid	: 3
fpu		: yes
fpu_exception	: yes
cpuid level	: 13
wp		: yes
flags		: fpu vme de pse tsc msr pae mce cx8 apic sep mtrr pge mca cmov pat pse36 clflush dts acpi mmx fxsr sse sse2 ss ht tm pbe syscall nx pdpe1gb rdtscp lm constant_tsc arch_perfmon pebs bts rep_good nopl xtopology nonstop_tsc cpuid aperfmperf pni pclmulqdq dtes64 monitor ds_cpl vmx est tm2 ssse3 sdbg fma cx16 xtpr pdcm pcid sse4_1 sse4_2 x2apic movbe popcnt tsc_deadline_timer aes xsave avx f16c rdrand lahf_lm abm cpuid_fault epb invpcid_single pti ssbd ibrs ibpb stibp tpr_shadow vnmi flexpriority ept vpid ept_ad fsgsbase tsc_adjust bmi1 avx2 smep bmi2 erms invpcid xsaveopt dtherm ida arat pln pts md_clear flush_l1d
bugs		: cpu_meltdown spectre_v1 spectre_v2 spec_store_bypass l1tf mds swapgs
bogomips	: 3791.32
clflush size	: 64
cache_alignment	: 64
address sizes	: 39 bits physical, 48 bits virtual
power management:



Memory: 4k page, physical 3938980k(84652k free), swap 2097148k(0k free)

vm_info: Java HotSpot(TM) 64-Bit Server VM (25.221-b11) for linux-amd64 JRE (1.8.0_221-b11), built on Jul  4 2019 04:27:00 by "java_re" with gcc 7.3.0

time: Thu Oct 17 11:00:31 2019
timezone: +07
elapsed time: 71 seconds (0d 0h 1m 11s)

